[debug] [2020-03-11T18:31:11.529Z] ----------------------------------------------------------------------
[debug] [2020-03-11T18:31:11.530Z] Command:       /usr/local/bin/node /Users/owg04496/Documents/lIZETH/dashboard/node_modules/.bin/firebase init
[debug] [2020-03-11T18:31:11.530Z] CLI Version:   7.14.0
[debug] [2020-03-11T18:31:11.530Z] Platform:      darwin
[debug] [2020-03-11T18:31:11.530Z] Node Version:  v12.13.1
[debug] [2020-03-11T18:31:11.531Z] Time:          Wed Mar 11 2020 13:31:11 GMT-0500 (Colombia Standard Time)
[debug] [2020-03-11T18:31:11.531Z] ----------------------------------------------------------------------
[debug] [2020-03-11T18:31:11.531Z] 
[debug] [2020-03-11T18:31:11.535Z] > command requires scopes: ["email","openid","https://www.googleapis.com/auth/cloudplatformprojects.readonly","https://www.googleapis.com/auth/firebase","https://www.googleapis.com/auth/cloud-platform"]
[debug] [2020-03-11T18:31:11.535Z] > authorizing via signed-in user
[info] 
     ######## #### ########  ######## ########     ###     ######  ########
     ##        ##  ##     ## ##       ##     ##  ##   ##  ##       ##
     ######    ##  ########  ######   ########  #########  ######  ######
     ##        ##  ##    ##  ##       ##     ## ##     ##       ## ##
     ##       #### ##     ## ######## ########  ##     ##  ######  ########

You're about to initialize a Firebase project in this directory:

  /Users/owg04496/Documents/lIZETH/dashboard

Before we get started, keep in mind:

  * You are initializing in an existing Firebase project directory

[info] 
=== Project Setup
[info] 
[info] First, let's associate this project directory with a Firebase project.
[info] You can create multiple project aliases by running firebase use --add, 
[info] but for now we'll just set up a default project.
[info] 
[info] i  .firebaserc already has a default project, using dashboard-91148.
[debug] [2020-03-11T18:31:13.791Z] >>> HTTP REQUEST GET https://firebase.googleapis.com/v1beta1/projects/dashboard-91148  
 
[debug] [2020-03-11T18:31:43.815Z] Server Error. ETIMEDOUT
[debug] [2020-03-11T18:31:44.118Z] FirebaseError: Server Error. ETIMEDOUT
    at Request._callback (/Users/owg04496/Documents/lIZETH/dashboard/node_modules/firebase-tools/lib/api.js:30:31)
    at self.callback (/Users/owg04496/Documents/lIZETH/dashboard/node_modules/firebase-tools/node_modules/request/request.js:185:22)
    at Request.emit (events.js:210:5)
    at Request.EventEmitter.emit (domain.js:475:20)
    at Timeout.<anonymous> (/Users/owg04496/Documents/lIZETH/dashboard/node_modules/firebase-tools/node_modules/request/request.js:851:16)
    at listOnTimeout (internal/timers.js:531:17)
    at processTimers (internal/timers.js:475:7)
[error] 
[error] Error: Failed to get Firebase project dashboard-91148. Please make sure the project exists and your account has permission to access it.
